{"numFailedTestSuites":1,"numFailedTests":0,"numPassedTestSuites":15,"numPassedTests":192,"numPendingTestSuites":0,"numPendingTests":0,"numRuntimeErrorTestSuites":1,"numTodoTests":0,"numTotalTestSuites":16,"numTotalTests":192,"openHandles":[],"snapshot":{"added":0,"didUpdate":false,"failure":false,"filesAdded":0,"filesRemoved":0,"filesRemovedList":[],"filesUnmatched":0,"filesUpdated":0,"matched":0,"total":0,"unchecked":0,"uncheckedKeysByFile":[],"unmatched":0,"updated":0},"startTime":1780765538092,"success":false,"testResults":[{"assertionResults":[{"ancestorTitles":["verifyLineSignature"],"duration":80,"failureDetails":[],"failureMessages":[],"fullName":"verifyLineSignature returns true for a valid string body + matching signature","invocations":1,"location":null,"numPassingAsserts":1,"retryReasons":[],"status":"passed","title":"returns true for a valid string body + matching signature"},{"ancestorTitles":["verifyLineSignature"],"duration":3,"failureDetails":[],"failureMessages":[],"fullName":"verifyLineSignature returns true for a valid Buffer body + matching signature","invocations":1,"location":null,"numPassingAsserts":1,"retryReasons":[],"status":"passed","title":"returns true for a valid Buffer body + matching signature"},{"ancestorTitles":["verifyLineSignature"],"duration":1,"failureDetails":[],"failureMessages":[],"fullName":"verifyLineSignature returns false for a tampered body","invocations":1,"location":null,"numPassingAsserts":1,"retryReasons":[],"status":"passed","title":"returns false for a tampered body"},{"ancestorTitles":["verifyLineSignature"],"duration":7,"failureDetails":[],"failureMessages":[],"fullName":"verifyLineSignature returns false for a wrong secret","invocations":1,"location":null,"numPassingAsserts":1,"retryReasons":[],"status":"passed","title":"returns false for a wrong secret"},{"ancestorTitles":["verifyLineSignature"],"duration":3,"failureDetails":[],"failureMessages":[],"fullName":"verifyLineSignature returns false for an empty signature string","invocations":1,"location":null,"numPassingAsserts":1,"retryReasons":[],"status":"passed","title":"returns false for an empty signature string"},{"ancestorTitles":["verifyLineSignature"],"duration":1,"failureDetails":[],"failureMessages":[],"fullName":"verifyLineSignature returns false for a completely garbage signature","invocations":1,"location":null,"numPassingAsserts":1,"retryReasons":[],"status":"passed","title":"returns false for a completely garbage signature"},{"ancestorTitles":["verifyLineSignature"],"duration":1,"failureDetails":[],"failureMessages":[],"fullName":"verifyLineSignature is timing-safe — accepts the correct signature even when lengths differ","invocations":1,"location":null,"numPassingAsserts":1,"retryReasons":[],"status":"passed","title":"is timing-safe — accepts the correct signature even when lengths differ"},{"ancestorTitles":["verifyLineSignature"],"duration":1,"failureDetails":[],"failureMessages":[],"fullName":"verifyLineSignature treats string and Buffer bodies identically when encoding is utf8","invocations":1,"location":null,"numPassingAsserts":2,"retryReasons":[],"status":"passed","title":"treats string and Buffer bodies identically when encoding is utf8"}],"endTime":1780765549638,"message":"","name":"D:\\_CODE_BANK\\Project_\\_Best Project_\\LINE_Smart_Queue _Assistant\\apps\\api\\src\\modules\\line\\__tests__\\line.signature.test.ts","startTime":1780765540182,"status":"passed","summary":""},{"assertionResults":[{"ancestorTitles":["skipPenaltyService.onSkipExhausted"],"duration":49,"failureDetails":[],"failureMessages":[],"fullName":"skipPenaltyService.onSkipExhausted creates a skip penalty record with correct type and severity","invocations":1,"location":null,"numPassingAsserts":9,"retryReasons":[],"status":"passed","title":"creates a skip penalty record with correct type and severity"},{"ancestorTitles":["skipPenaltyService.onSkipExhausted"],"duration":14,"failureDetails":[],"failureMessages":[],"fullName":"skipPenaltyService.onSkipExhausted propagates repository errors so callers can catch them","invocations":1,"location":null,"numPassingAsserts":1,"retryReasons":[],"status":"passed","title":"propagates repository errors so callers can catch them"},{"ancestorTitles":["skipPenaltyService.onNoShow"],"duration":1,"failureDetails":[],"failureMessages":[],"fullName":"skipPenaltyService.onNoShow creates a no_show penalty record with correct type and severity","invocations":1,"location":null,"numPassingAsserts":6,"retryReasons":[],"status":"passed","title":"creates a no_show penalty record with correct type and severity"},{"ancestorTitles":["skipPenaltyService.onNoShow"],"duration":1,"failureDetails":[],"failureMessages":[],"fullName":"skipPenaltyService.onNoShow propagates repository errors so callers can catch them","invocations":1,"location":null,"numPassingAsserts":1,"retryReasons":[],"status":"passed","title":"propagates repository errors so callers can catch them"},{"ancestorTitles":["skipPenaltyService.calculatePriorityAdjustment"],"duration":3,"failureDetails":[],"failureMessages":[],"fullName":"skipPenaltyService.calculatePriorityAdjustment returns 0 when the user has no active penalties","invocations":1,"location":null,"numPassingAsserts":2,"retryReasons":[],"status":"passed","title":"returns 0 when the user has no active penalties"},{"ancestorTitles":["skipPenaltyService.calculatePriorityAdjustment"],"duration":1,"failureDetails":[],"failureMessages":[],"fullName":"skipPenaltyService.calculatePriorityAdjustment returns PENALTY_PRIORITY_DEDUCTION when the user has one active penalty","invocations":1,"location":null,"numPassingAsserts":2,"retryReasons":[],"status":"passed","title":"returns PENALTY_PRIORITY_DEDUCTION when the user has one active penalty"},{"ancestorTitles":["skipPenaltyService.calculatePriorityAdjustment"],"duration":0,"failureDetails":[],"failureMessages":[],"fullName":"skipPenaltyService.calculatePriorityAdjustment returns PENALTY_PRIORITY_DEDUCTION when the user has multiple active penalties","invocations":1,"location":null,"numPassingAsserts":1,"retryReasons":[],"status":"passed","title":"returns PENALTY_PRIORITY_DEDUCTION when the user has multiple active penalties"},{"ancestorTitles":["skipPenaltyService.getActivePenalties"],"duration":1,"failureDetails":[],"failureMessages":[],"fullName":"skipPenaltyService.getActivePenalties returns empty array when user has no active penalties","invocations":1,"location":null,"numPassingAsserts":2,"retryReasons":[],"status":"passed","title":"returns empty array when user has no active penalties"},{"ancestorTitles":["skipPenaltyService.getActivePenalties"],"duration":1,"failureDetails":[],"failureMessages":[],"fullName":"skipPenaltyService.getActivePenalties returns all active penalties for the user","invocations":1,"location":null,"numPassingAsserts":2,"retryReasons":[],"status":"passed","title":"returns all active penalties for the user"},{"ancestorTitles":["skipPenaltyService.getActivePenalties"],"duration":0,"failureDetails":[],"failureMessages":[],"fullName":"skipPenaltyService.getActivePenalties scopes lookup to organizationId when provided","invocations":1,"location":null,"numPassingAsserts":1,"retryReasons":[],"status":"passed","title":"scopes lookup to organizationId when provided"}],"endTime":1780765549702,"message":"","name":"D:\\_CODE_BANK\\Project_\\_Best Project_\\LINE_Smart_Queue _Assistant\\apps\\api\\src\\modules\\skip-penalty\\__tests__\\skip-penalty.service.test.ts","startTime":1780765539894,"status":"passed","summary":""},{"assertionResults":[{"ancestorTitles":["runWithRetry"],"duration":49,"failureDetails":[],"failureMessages":[],"fullName":"runWithRetry resolves on the first attempt without retry","invocations":1,"location":null,"numPassingAsserts":1,"retryReasons":[],"status":"passed","title":"resolves on the first attempt without retry"},{"ancestorTitles":["runWithRetry"],"duration":50,"failureDetails":[],"failureMessages":[],"fullName":"runWithRetry succeeds after a single transient failure","invocations":1,"location":null,"numPassingAsserts":1,"retryReasons":[],"status":"passed","title":"succeeds after a single transient failure"},{"ancestorTitles":["runWithRetry"],"duration":64,"failureDetails":[],"failureMessages":[],"fullName":"runWithRetry throws the last error when all attempts are exhausted","invocations":1,"location":null,"numPassingAsserts":2,"retryReasons":[],"status":"passed","title":"throws the last error when all attempts are exhausted"},{"ancestorTitles":["runWithRetry"],"duration":3,"failureDetails":[],"failureMessages":[],"fullName":"runWithRetry makes exactly one call when maxRetries is 0","invocations":1,"location":null,"numPassingAsserts":2,"retryReasons":[],"status":"passed","title":"makes exactly one call when maxRetries is 0"},{"ancestorTitles":["JobRunner"],"duration":43,"failureDetails":[],"failureMessages":[],"fullName":"JobRunner does not execute the job before the first interval elapses","invocations":1,"location":null,"numPassingAsserts":1,"retryReasons":[],"status":"passed","title":"does not execute the job before the first interval elapses"},{"ancestorTitles":["JobRunner"],"duration":7,"failureDetails":[],"failureMessages":[],"fullName":"JobRunner executes the job once after one interval","invocations":1,"location":null,"numPassingAsserts":1,"retryReasons":[],"status":"passed","title":"executes the job once after one interval"},{"ancestorTitles":["JobRunner"],"duration":2,"failureDetails":[],"failureMessages":[],"fullName":"JobRunner executes the job on every subsequent interval","invocations":1,"location":null,"numPassingAsserts":1,"retryReasons":[],"status":"passed","title":"executes the job on every subsequent interval"},{"ancestorTitles":["JobRunner"],"duration":3,"failureDetails":[],"failureMessages":[],"fullName":"JobRunner stop() prevents further executions after clearing timers","invocations":1,"location":null,"numPassingAsserts":2,"retryReasons":[],"status":"passed","title":"stop() prevents further executions after clearing timers"},{"ancestorTitles":["JobRunner"],"duration":3,"failureDetails":[],"failureMessages":[],"fullName":"JobRunner count returns the number of registered jobs","invocations":1,"location":null,"numPassingAsserts":2,"retryReasons":[],"status":"passed","title":"count returns the number of registered jobs"},{"ancestorTitles":["JobRunner"],"duration":5,"failureDetails":[],"failureMessages":[],"fullName":"JobRunner count returns 0 after stop()","invocations":1,"location":null,"numPassingAsserts":1,"retryReasons":[],"status":"passed","title":"count returns 0 after stop()"},{"ancestorTitles":["JobRunner"],"duration":4,"failureDetails":[],"failureMessages":[],"fullName":"JobRunner skips the next tick when the previous cycle is still running","invocations":1,"location":null,"numPassingAsserts":3,"retryReasons":[],"status":"passed","title":"skips the next tick when the previous cycle is still running"},{"ancestorTitles":["JobRunner"],"duration":1,"failureDetails":[],"failureMessages":[],"fullName":"JobRunner supports chaining multiple schedule() calls","invocations":1,"location":null,"numPassingAsserts":2,"retryReasons":[],"status":"passed","title":"supports chaining multiple schedule() calls"}],"endTime":1780765549873,"message":"","name":"D:\\_CODE_BANK\\Project_\\_Best Project_\\LINE_Smart_Queue _Assistant\\apps\\api\\src\\jobs\\__tests__\\jobRunner.test.ts","startTime":1780765539951,"status":"passed","summary":""},{"assertionResults":[{"ancestorTitles":["JoinQueueSchema"],"duration":40,"failureDetails":[],"failureMessages":[],"fullName":"JoinQueueSchema accepts a minimal valid payload","invocations":1,"location":null,"numPassingAsserts":1,"retryReasons":[],"status":"passed","title":"accepts a minimal valid payload"},{"ancestorTitles":["JoinQueueSchema"],"duration":3,"failureDetails":[],"failureMessages":[],"fullName":"JoinQueueSchema accepts all optional fields","invocations":1,"location":null,"numPassingAsserts":1,"retryReasons":[],"status":"passed","title":"accepts all optional fields"},{"ancestorTitles":["JoinQueueSchema"],"duration":3,"failureDetails":[],"failureMessages":[],"fullName":"JoinQueueSchema rejects missing queueId","invocations":1,"location":null,"numPassingAsserts":2,"retryReasons":[],"status":"passed","title":"rejects missing queueId"},{"ancestorTitles":["JoinQueueSchema"],"duration":17,"failureDetails":[],"failureMessages":[],"fullName":"JoinQueueSchema rejects invalid queueId (not a UUID)","invocations":1,"location":null,"numPassingAsserts":2,"retryReasons":[],"status":"passed","title":"rejects invalid queueId (not a UUID)"},{"ancestorTitles":["JoinQueueSchema"],"duration":4,"failureDetails":[],"failureMessages":[],"fullName":"JoinQueueSchema rejects notes exceeding 500 characters","invocations":1,"location":null,"numPassingAsserts":2,"retryReasons":[],"status":"passed","title":"rejects notes exceeding 500 characters"},{"ancestorTitles":["JoinQueueSchema"],"duration":1,"failureDetails":[],"failureMessages":[],"fullName":"JoinQueueSchema accepts notes at exactly 500 characters (boundary)","invocations":1,"location":null,"numPassingAsserts":1,"retryReasons":[],"status":"passed","title":"accepts notes at exactly 500 characters (boundary)"},{"ancestorTitles":["JoinQueueSchema"],"duration":1,"failureDetails":[],"failureMessages":[],"fullName":"JoinQueueSchema rejects empty lineUserId (min 1)","invocations":1,"location":null,"numPassingAsserts":1,"retryReasons":[],"status":"passed","title":"rejects empty lineUserId (min 1)"},{"ancestorTitles":["CurrentQueueQuerySchema"],"duration":5,"failureDetails":[],"failureMessages":[],"fullName":"CurrentQueueQuerySchema accepts a valid UUID","invocations":1,"location":null,"numPassingAsserts":1,"retryReasons":[],"status":"passed","title":"accepts a valid UUID"},{"ancestorTitles":["CurrentQueueQuerySchema"],"duration":1,"failureDetails":[],"failureMessages":[],"fullName":"CurrentQueueQuerySchema rejects missing queueId","invocations":1,"location":null,"numPassingAsserts":1,"retryReasons":[],"status":"passed","title":"rejects missing queueId"},{"ancestorTitles":["CurrentQueueQuerySchema"],"duration":0,"failureDetails":[],"failureMessages":[],"fullName":"CurrentQueueQuerySchema rejects invalid UUID format","invocations":1,"location":null,"numPassingAsserts":1,"retryReasons":[],"status":"passed","title":"rejects invalid UUID format"},{"ancestorTitles":["EntryIdParamSchema"],"duration":0,"failureDetails":[],"failureMessages":[],"fullName":"EntryIdParamSchema accepts a valid entryId","invocations":1,"location":null,"numPassingAsserts":1,"retryReasons":[],"status":"passed","title":"accepts a valid entryId"},{"ancestorTitles":["EntryIdParamSchema"],"duration":1,"failureDetails":[],"failureMessages":[],"fullName":"EntryIdParamSchema rejects missing entryId","invocations":1,"location":null,"numPassingAsserts":1,"retryReasons":[],"status":"passed","title":"rejects missing entryId"},{"ancestorTitles":["EntryIdParamSchema"],"duration":2,"failureDetails":[],"failureMessages":[],"fullName":"EntryIdParamSchema rejects non-UUID entryId","invocations":1,"location":null,"numPassingAsserts":1,"retryReasons":[],"status":"passed","title":"rejects non-UUID entryId"},{"ancestorTitles":["QueueIdParamSchema"],"duration":1,"failureDetails":[],"failureMessages":[],"fullName":"QueueIdParamSchema accepts a valid queueId","invocations":1,"location":null,"numPassingAsserts":1,"retryReasons":[],"status":"passed","title":"accepts a valid queueId"},{"ancestorTitles":["QueueIdParamSchema"],"duration":1,"failureDetails":[],"failureMessages":[],"fullName":"QueueIdParamSchema rejects missing queueId","invocations":1,"location":null,"numPassingAsserts":1,"retryReasons":[],"status":"passed","title":"rejects missing queueId"},{"ancestorTitles":["QueueIdParamSchema"],"duration":1,"failureDetails":[],"failureMessages":[],"fullName":"QueueIdParamSchema rejects non-UUID queueId","invocations":1,"location":null,"numPassingAsserts":1,"retryReasons":[],"status":"passed","title":"rejects non-UUID queueId"}],"endTime":1780765550169,"message":"","name":"D:\\_CODE_BANK\\Project_\\_Best Project_\\LINE_Smart_Queue _Assistant\\apps\\api\\src\\modules\\queue\\__tests__\\queue.validator.test.ts","startTime":1780765540086,"status":"passed","summary":""},{"assertionResults":[{"ancestorTitles":["currentUserMiddleware"],"duration":44,"failureDetails":[],"failureMessages":[],"fullName":"currentUserMiddleware calls next() without setting req.user when no Authorization header is present","invocations":1,"location":null,"numPassingAsserts":2,"retryReasons":[],"status":"passed","title":"calls next() without setting req.user when no Authorization header is present"},{"ancestorTitles":["currentUserMiddleware"],"duration":4,"failureDetails":[],"failureMessages":[],"fullName":"currentUserMiddleware calls next() without setting req.user when Authorization header is not Bearer","invocations":1,"location":null,"numPassingAsserts":2,"retryReasons":[],"status":"passed","title":"calls next() without setting req.user when Authorization header is not Bearer"},{"ancestorTitles":["currentUserMiddleware"],"duration":28,"failureDetails":[],"failureMessages":[],"fullName":"currentUserMiddleware populates req.user from a valid Bearer token","invocations":1,"location":null,"numPassingAsserts":5,"retryReasons":[],"status":"passed","title":"populates req.user from a valid Bearer token"},{"ancestorTitles":["currentUserMiddleware"],"duration":6,"failureDetails":[],"failureMessages":[],"fullName":"currentUserMiddleware calls next(AppError 401) when the token has an invalid signature","invocations":1,"location":null,"numPassingAsserts":2,"retryReasons":[],"status":"passed","title":"calls next(AppError 401) when the token has an invalid signature"},{"ancestorTitles":["currentUserMiddleware"],"duration":40,"failureDetails":[],"failureMessages":[],"fullName":"currentUserMiddleware calls next(AppError 401) when an expired token is presented","invocations":1,"location":null,"numPassingAsserts":2,"retryReasons":[],"status":"passed","title":"calls next(AppError 401) when an expired token is presented"}],"endTime":1780765550295,"message":"","name":"D:\\_CODE_BANK\\Project_\\_Best Project_\\LINE_Smart_Queue _Assistant\\apps\\api\\src\\middlewares\\__tests__\\currentUser.middleware.test.ts","startTime":1780765540059,"status":"passed","summary":""},{"assertionResults":[{"ancestorTitles":["etaService.calculate","core formula"],"duration":29,"failureDetails":[],"failureMessages":[],"fullName":"etaService.calculate core formula returns 0 wait seconds when aheadCount is 0","invocations":1,"location":null,"numPassingAsserts":1,"retryReasons":[],"status":"passed","title":"returns 0 wait seconds when aheadCount is 0"},{"ancestorTitles":["etaService.calculate","core formula"],"duration":4,"failureDetails":[],"failureMessages":[],"fullName":"etaService.calculate core formula computes wait as aheadCount × avgServiceSeconds","invocations":1,"location":null,"numPassingAsserts":1,"retryReasons":[],"status":"passed","title":"computes wait as aheadCount × avgServiceSeconds"},{"ancestorTitles":["etaService.calculate","core formula"],"duration":2,"failureDetails":[],"failureMessages":[],"fullName":"etaService.calculate core formula converts seconds to minutes rounded up","invocations":1,"location":null,"numPassingAsserts":1,"retryReasons":[],"status":"passed","title":"converts seconds to minutes rounded up"},{"ancestorTitles":["etaService.calculate","core formula"],"duration":8,"failureDetails":[],"failureMessages":[],"fullName":"etaService.calculate core formula rounds exactly-divisible minutes without adding a minute","invocations":1,"location":null,"numPassingAsserts":1,"retryReasons":[],"status":"passed","title":"rounds exactly-divisible minutes without adding a minute"},{"ancestorTitles":["etaService.calculate","core formula"],"duration":3,"failureDetails":[],"failureMessages":[],"fullName":"etaService.calculate core formula calculates expectedCallAt from now + estimatedWaitSeconds","invocations":1,"location":null,"numPassingAsserts":1,"retryReasons":[],"status":"passed","title":"calculates expectedCallAt from now + estimatedWaitSeconds"},{"ancestorTitles":["etaService.calculate","core formula"],"duration":15,"failureDetails":[],"failureMessages":[],"fullName":"etaService.calculate core formula uses current time when now is not provided","invocations":1,"location":null,"numPassingAsserts":2,"retryReasons":[],"status":"passed","title":"uses current time when now is not provided"},{"ancestorTitles":["etaService.calculate","fallback when avgServiceSeconds is invalid"],"duration":2,"failureDetails":[],"failureMessages":[],"fullName":"etaService.calculate fallback when avgServiceSeconds is invalid uses DEFAULT_AVG_SERVICE_SECONDS (120 s) when avgServiceSeconds is 0","invocations":1,"location":null,"numPassingAsserts":2,"retryReasons":[],"status":"passed","title":"uses DEFAULT_AVG_SERVICE_SECONDS (120 s) when avgServiceSeconds is 0"},{"ancestorTitles":["etaService.calculate","fallback when avgServiceSeconds is invalid"],"duration":1,"failureDetails":[],"failureMessages":[],"fullName":"etaService.calculate fallback when avgServiceSeconds is invalid uses fallback when avgServiceSeconds is negative","invocations":1,"location":null,"numPassingAsserts":2,"retryReasons":[],"status":"passed","title":"uses fallback when avgServiceSeconds is negative"},{"ancestorTitles":["etaService.calculate","fallback when avgServiceSeconds is invalid"],"duration":11,"failureDetails":[],"failureMessages":[],"fullName":"etaService.calculate fallback when avgServiceSeconds is invalid sets isFallback to false when avgServiceSeconds > 0","invocations":1,"location":null,"numPassingAsserts":1,"retryReasons":[],"status":"passed","title":"sets isFallback to false when avgServiceSeconds > 0"},{"ancestorTitles":["etaService.calculate","fallback when avgServiceSeconds is invalid"],"duration":6,"failureDetails":[],"failureMessages":[],"fullName":"etaService.calculate fallback when avgServiceSeconds is invalid uses custom defaultAvgServiceSeconds from config","invocations":1,"location":null,"numPassingAsserts":1,"retryReasons":[],"status":"passed","title":"uses custom defaultAvgServiceSeconds from config"},{"ancestorTitles":["etaService.calculate","confidence derivation"],"duration":2,"failureDetails":[],"failureMessages":[],"fullName":"etaService.calculate confidence derivation returns HIGH when aheadCount < highConfidenceMaxAhead (default 5) and no fallback","invocations":1,"location":null,"numPassingAsserts":1,"retryReasons":[],"status":"passed","title":"returns HIGH when aheadCount < highConfidenceMaxAhead (default 5) and no fallback"},{"ancestorTitles":["etaService.calculate","confidence derivation"],"duration":1,"failureDetails":[],"failureMessages":[],"fullName":"etaService.calculate confidence derivation returns HIGH when aheadCount is 0 and no fallback","invocations":1,"location":null,"numPassingAsserts":1,"retryReasons":[],"status":"passed","title":"returns HIGH when aheadCount is 0 and no fallback"},{"ancestorTitles":["etaService.calculate","confidence derivation"],"duration":1,"failureDetails":[],"failureMessages":[],"fullName":"etaService.calculate confidence derivation returns MEDIUM when aheadCount is in [highConfidenceMaxAhead, lowConfidenceMinAhead)","invocations":1,"location":null,"numPassingAsserts":1,"retryReasons":[],"status":"passed","title":"returns MEDIUM when aheadCount is in [highConfidenceMaxAhead, lowConfidenceMinAhead)"},{"ancestorTitles":["etaService.calculate","confidence derivation"],"duration":2,"failureDetails":[],"failureMessages":[],"fullName":"etaService.calculate confidence derivation returns MEDIUM at the exact highConfidenceMaxAhead boundary","invocations":1,"location":null,"numPassingAsserts":1,"retryReasons":[],"status":"passed","title":"returns MEDIUM at the exact highConfidenceMaxAhead boundary"},{"ancestorTitles":["etaService.calculate","confidence derivation"],"duration":3,"failureDetails":[],"failureMessages":[],"fullName":"etaService.calculate confidence derivation returns LOW when aheadCount >= lowConfidenceMinAhead (default 20)","invocations":1,"location":null,"numPassingAsserts":1,"retryReasons":[],"status":"passed","title":"returns LOW when aheadCount >= lowConfidenceMinAhead (default 20)"},{"ancestorTitles":["etaService.calculate","confidence derivation"],"duration":1,"failureDetails":[],"failureMessages":[],"fullName":"etaService.calculate confidence derivation returns LOW when aheadCount is well above lowConfidenceMinAhead","invocations":1,"location":null,"numPassingAsserts":1,"retryReasons":[],"status":"passed","title":"returns LOW when aheadCount is well above lowConfidenceMinAhead"},{"ancestorTitles":["etaService.calculate","confidence derivation"],"duration":0,"failureDetails":[],"failureMessages":[],"fullName":"etaService.calculate confidence derivation returns LOW when fallback is applied, even with small aheadCount","invocations":1,"location":null,"numPassingAsserts":1,"retryReasons":[],"status":"passed","title":"returns LOW when fallback is applied, even with small aheadCount"},{"ancestorTitles":["etaService.calculate","confidence derivation"],"duration":3,"failureDetails":[],"failureMessages":[],"fullName":"etaService.calculate confidence derivation honours custom confidence thresholds from config","invocations":1,"location":null,"numPassingAsserts":3,"retryReasons":[],"status":"passed","title":"honours custom confidence thresholds from config"},{"ancestorTitles":["etaService.calculate","edge cases"],"duration":1,"failureDetails":[],"failureMessages":[],"fullName":"etaService.calculate edge cases handles fractional avgServiceSeconds correctly","invocations":1,"location":null,"numPassingAsserts":2,"retryReasons":[],"status":"passed","title":"handles fractional avgServiceSeconds correctly"},{"ancestorTitles":["etaService.calculate","edge cases"],"duration":1,"failureDetails":[],"failureMessages":[],"fullName":"etaService.calculate edge cases returns estimatedWaitMinutes of 0 when aheadCount is 0 (ceil(0) = 0)","invocations":1,"location":null,"numPassingAsserts":1,"retryReasons":[],"status":"passed","title":"returns estimatedWaitMinutes of 0 when aheadCount is 0 (ceil(0) = 0)"},{"ancestorTitles":["etaService.calculate","edge cases"],"duration":2,"failureDetails":[],"failureMessages":[],"fullName":"etaService.calculate edge cases produces a consistent EtaResult shape on every call","invocations":1,"location":null,"numPassingAsserts":5,"retryReasons":[],"status":"passed","title":"produces a consistent EtaResult shape on every call"},{"ancestorTitles":["etaService.calculate","edge cases"],"duration":0,"failureDetails":[],"failureMessages":[],"fullName":"etaService.calculate edge cases expectedCallAt equals now when aheadCount is 0","invocations":1,"location":null,"numPassingAsserts":1,"retryReasons":[],"status":"passed","title":"expectedCallAt equals now when aheadCount is 0"},{"ancestorTitles":["etaService.calculate","edge cases"],"duration":1,"failureDetails":[],"failureMessages":[],"fullName":"etaService.calculate edge cases large queue produces correct seconds before confidence degrades","invocations":1,"location":null,"numPassingAsserts":2,"retryReasons":[],"status":"passed","title":"large queue produces correct seconds before confidence degrades"}],"endTime":1780765550443,"message":"","name":"D:\\_CODE_BANK\\Project_\\_Best Project_\\LINE_Smart_Queue _Assistant\\apps\\api\\src\\modules\\eta\\__tests__\\eta.service.test.ts","startTime":1780765540063,"status":"passed","summary":""},{"assertionResults":[{"ancestorTitles":["scanEtaWarnings"],"duration":24,"failureDetails":[],"failureMessages":[],"fullName":"scanEtaWarnings does nothing when no entries are near threshold","invocations":1,"location":null,"numPassingAsserts":1,"retryReasons":[],"status":"passed","title":"does nothing when no entries are near threshold"},{"ancestorTitles":["scanEtaWarnings"],"duration":3,"failureDetails":[],"failureMessages":[],"fullName":"scanEtaWarnings calls notifyEtaWarning for each entry with correct ahead_count","invocations":1,"location":null,"numPassingAsserts":3,"retryReasons":[],"status":"passed","title":"calls notifyEtaWarning for each entry with correct ahead_count"},{"ancestorTitles":["scanEtaWarnings"],"duration":8,"failureDetails":[],"failureMessages":[],"fullName":"scanEtaWarnings queries with the ETA_WARNING_THRESHOLD constant (2)","invocations":1,"location":null,"numPassingAsserts":1,"retryReasons":[],"status":"passed","title":"queries with the ETA_WARNING_THRESHOLD constant (2)"},{"ancestorTitles":["scanEtaWarnings"],"duration":5,"failureDetails":[],"failureMessages":[],"fullName":"scanEtaWarnings continues processing other entries when one notification throws","invocations":1,"location":null,"numPassingAsserts":2,"retryReasons":[],"status":"passed","title":"continues processing other entries when one notification throws"},{"ancestorTitles":["scanEtaWarnings"],"duration":34,"failureDetails":[],"failureMessages":[],"fullName":"scanEtaWarnings does not throw when the repository call fails","invocations":1,"location":null,"numPassingAsserts":1,"retryReasons":[],"status":"passed","title":"does not throw when the repository call fails"},{"ancestorTitles":["scanCalledRenotify"],"duration":1,"failureDetails":[],"failureMessages":[],"fullName":"scanCalledRenotify does nothing when no recently-called entries exist","invocations":1,"location":null,"numPassingAsserts":1,"retryReasons":[],"status":"passed","title":"does nothing when no recently-called entries exist"},{"ancestorTitles":["scanCalledRenotify"],"duration":11,"failureDetails":[],"failureMessages":[],"fullName":"scanCalledRenotify calls notifyTicketCalled for each entry","invocations":1,"location":null,"numPassingAsserts":3,"retryReasons":[],"status":"passed","title":"calls notifyTicketCalled for each entry"},{"ancestorTitles":["scanCalledRenotify"],"duration":1,"failureDetails":[],"failureMessages":[],"fullName":"scanCalledRenotify queries with age parameters (30 min max, 30 s min)","invocations":1,"location":null,"numPassingAsserts":1,"retryReasons":[],"status":"passed","title":"queries with age parameters (30 min max, 30 s min)"},{"ancestorTitles":["scanCalledRenotify"],"duration":1,"failureDetails":[],"failureMessages":[],"fullName":"scanCalledRenotify continues processing other entries when one notification throws","invocations":1,"location":null,"numPassingAsserts":2,"retryReasons":[],"status":"passed","title":"continues processing other entries when one notification throws"},{"ancestorTitles":["scanCalledRenotify"],"duration":1,"failureDetails":[],"failureMessages":[],"fullName":"scanCalledRenotify propagates repository errors (handled by JobRunner retry)","invocations":1,"location":null,"numPassingAsserts":1,"retryReasons":[],"status":"passed","title":"propagates repository errors (handled by JobRunner retry)"}],"endTime":1780765550630,"message":"","name":"D:\\_CODE_BANK\\Project_\\_Best Project_\\LINE_Smart_Queue _Assistant\\apps\\api\\src\\jobs\\__tests__\\notificationScan.test.ts","startTime":1780765540310,"status":"passed","summary":""},{"assertionResults":[{"ancestorTitles":["queueService.joinQueue"],"duration":36,"failureDetails":[],"failureMessages":[],"fullName":"queueService.joinQueue creates a new ticket and returns position info","invocations":1,"location":null,"numPassingAsserts":4,"retryReasons":[],"status":"passed","title":"creates a new ticket and returns position info"},{"ancestorTitles":["queueService.joinQueue"],"duration":5,"failureDetails":[],"failureMessages":[],"fullName":"queueService.joinQueue formats the ticket display using the queue prefix","invocations":1,"location":null,"numPassingAsserts":1,"retryReasons":[],"status":"passed","title":"formats the ticket display using the queue prefix"},{"ancestorTitles":["queueService.joinQueue"],"duration":1,"failureDetails":[],"failureMessages":[],"fullName":"queueService.joinQueue returns isExisting=true when caller already has an active ticket","invocations":1,"location":null,"numPassingAsserts":4,"retryReasons":[],"status":"passed","title":"returns isExisting=true when caller already has an active ticket"},{"ancestorTitles":["queueService.joinQueue"],"duration":2,"failureDetails":[],"failureMessages":[],"fullName":"queueService.joinQueue throws 404 when the queue does not exist","invocations":1,"location":null,"numPassingAsserts":1,"retryReasons":[],"status":"passed","title":"throws 404 when the queue does not exist"},{"ancestorTitles":["queueService.joinQueue"],"duration":1,"failureDetails":[],"failureMessages":[],"fullName":"queueService.joinQueue throws 409 when the queue is not open","invocations":1,"location":null,"numPassingAsserts":1,"retryReasons":[],"status":"passed","title":"throws 409 when the queue is not open"},{"ancestorTitles":["queueService.joinQueue"],"duration":1,"failureDetails":[],"failureMessages":[],"fullName":"queueService.joinQueue throws 409 when the queue is at full capacity","invocations":1,"location":null,"numPassingAsserts":1,"retryReasons":[],"status":"passed","title":"throws 409 when the queue is at full capacity"},{"ancestorTitles":["queueService.getQueueStatus"],"duration":0,"failureDetails":[],"failureMessages":[],"fullName":"queueService.getQueueStatus returns queue, waitingCount and estimatedWaitSeconds","invocations":1,"location":null,"numPassingAsserts":3,"retryReasons":[],"status":"passed","title":"returns queue, waitingCount and estimatedWaitSeconds"},{"ancestorTitles":["queueService.getQueueStatus"],"duration":0,"failureDetails":[],"failureMessages":[],"fullName":"queueService.getQueueStatus throws 404 when the queue does not exist","invocations":1,"location":null,"numPassingAsserts":1,"retryReasons":[],"status":"passed","title":"throws 404 when the queue does not exist"},{"ancestorTitles":["queueService.getMyTickets"],"duration":1,"failureDetails":[],"failureMessages":[],"fullName":"queueService.getMyTickets returns an annotated array of active tickets","invocations":1,"location":null,"numPassingAsserts":4,"retryReasons":[],"status":"passed","title":"returns an annotated array of active tickets"},{"ancestorTitles":["queueService.getMyTickets"],"duration":1,"failureDetails":[],"failureMessages":[],"fullName":"queueService.getMyTickets returns an empty array when there are no active tickets","invocations":1,"location":null,"numPassingAsserts":1,"retryReasons":[],"status":"passed","title":"returns an empty array when there are no active tickets"},{"ancestorTitles":["queueService.cancelTicket"],"duration":0,"failureDetails":[],"failureMessages":[],"fullName":"queueService.cancelTicket cancels a waiting ticket the actor owns","invocations":1,"location":null,"numPassingAsserts":1,"retryReasons":[],"status":"passed","title":"cancels a waiting ticket the actor owns"},{"ancestorTitles":["queueService.cancelTicket"],"duration":1,"failureDetails":[],"failureMessages":[],"fullName":"queueService.cancelTicket allows cancellation by matching lineUserId","invocations":1,"location":null,"numPassingAsserts":1,"retryReasons":[],"status":"passed","title":"allows cancellation by matching lineUserId"},{"ancestorTitles":["queueService.cancelTicket"],"duration":0,"failureDetails":[],"failureMessages":[],"fullName":"queueService.cancelTicket throws 404 when the ticket does not exist","invocations":1,"location":null,"numPassingAsserts":1,"retryReasons":[],"status":"passed","title":"throws 404 when the ticket does not exist"},{"ancestorTitles":["queueService.cancelTicket"],"duration":1,"failureDetails":[],"failureMessages":[],"fullName":"queueService.cancelTicket throws 403 when the actor does not own the ticket","invocations":1,"location":null,"numPassingAsserts":1,"retryReasons":[],"status":"passed","title":"throws 403 when the actor does not own the ticket"},{"ancestorTitles":["queueService.cancelTicket"],"duration":0,"failureDetails":[],"failureMessages":[],"fullName":"queueService.cancelTicket throws 409 when the ticket is already completed","invocations":1,"location":null,"numPassingAsserts":1,"retryReasons":[],"status":"passed","title":"throws 409 when the ticket is already completed"},{"ancestorTitles":["queueService.skipTicket"],"duration":1,"failureDetails":[],"failureMessages":[],"fullName":"queueService.skipTicket deprioritises the ticket and returns updated position","invocations":1,"location":null,"numPassingAsserts":4,"retryReasons":[],"status":"passed","title":"deprioritises the ticket and returns updated position"},{"ancestorTitles":["queueService.skipTicket"],"duration":1,"failureDetails":[],"failureMessages":[],"fullName":"queueService.skipTicket throws 404 when the ticket does not exist","invocations":1,"location":null,"numPassingAsserts":1,"retryReasons":[],"status":"passed","title":"throws 404 when the ticket does not exist"},{"ancestorTitles":["queueService.skipTicket"],"duration":1,"failureDetails":[],"failureMessages":[],"fullName":"queueService.skipTicket throws 409 when the queue does not allow skipping","invocations":1,"location":null,"numPassingAsserts":1,"retryReasons":[],"status":"passed","title":"throws 409 when the queue does not allow skipping"},{"ancestorTitles":["queueService.skipTicket"],"duration":1,"failureDetails":[],"failureMessages":[],"fullName":"queueService.skipTicket throws 409 when the ticket is not in waiting status","invocations":1,"location":null,"numPassingAsserts":1,"retryReasons":[],"status":"passed","title":"throws 409 when the ticket is not in waiting status"},{"ancestorTitles":["queueService.skipTicket"],"duration":0,"failureDetails":[],"failureMessages":[],"fullName":"queueService.skipTicket allows skip and records penalty when skip limit has been reached","invocations":1,"location":null,"numPassingAsserts":2,"retryReasons":[],"status":"passed","title":"allows skip and records penalty when skip limit has been reached"}],"endTime":1780765550678,"message":"","name":"D:\\_CODE_BANK\\Project_\\_Best Project_\\LINE_Smart_Queue _Assistant\\apps\\api\\src\\modules\\queue\\__tests__\\queue.service.test.ts","startTime":1780765539776,"status":"passed","summary":""},{"assertionResults":[{"ancestorTitles":["signToken + verifyToken"],"duration":21,"failureDetails":[],"failureMessages":[],"fullName":"signToken + verifyToken produces a token that verifyToken can decode","invocations":1,"location":null,"numPassingAsserts":2,"retryReasons":[],"status":"passed","title":"produces a token that verifyToken can decode"},{"ancestorTitles":["signToken + verifyToken"],"duration":12,"failureDetails":[],"failureMessages":[],"fullName":"signToken + verifyToken round-trip preserves all payload fields","invocations":1,"location":null,"numPassingAsserts":4,"retryReasons":[],"status":"passed","title":"round-trip preserves all payload fields"},{"ancestorTitles":["signToken + verifyToken"],"duration":3,"failureDetails":[],"failureMessages":[],"fullName":"signToken + verifyToken round-trip works without orgId","invocations":1,"location":null,"numPassingAsserts":1,"retryReasons":[],"status":"passed","title":"round-trip works without orgId"},{"ancestorTitles":["verifyToken"],"duration":17,"failureDetails":[],"failureMessages":[],"fullName":"verifyToken throws JsonWebTokenError for a tampered token","invocations":1,"location":null,"numPassingAsserts":1,"retryReasons":[],"status":"passed","title":"throws JsonWebTokenError for a tampered token"},{"ancestorTitles":["verifyToken"],"duration":2,"failureDetails":[],"failureMessages":[],"fullName":"verifyToken throws JsonWebTokenError for a completely invalid string","invocations":1,"location":null,"numPassingAsserts":1,"retryReasons":[],"status":"passed","title":"throws JsonWebTokenError for a completely invalid string"},{"ancestorTitles":["verifyToken"],"duration":42,"failureDetails":[],"failureMessages":[],"fullName":"verifyToken throws TokenExpiredError for an expired token","invocations":1,"location":null,"numPassingAsserts":1,"retryReasons":[],"status":"passed","title":"throws TokenExpiredError for an expired token"}],"endTime":1780765550802,"message":"","name":"D:\\_CODE_BANK\\Project_\\_Best Project_\\LINE_Smart_Queue _Assistant\\apps\\api\\src\\utils\\__tests__\\jwt.test.ts","startTime":1780765540104,"status":"passed","summary":""},{"assertionResults":[{"ancestorTitles":["staffService.getQueueOverview"],"duration":23,"failureDetails":[],"failureMessages":[],"fullName":"staffService.getQueueOverview returns overview with waiting entries and null called/serving when queue is empty","invocations":1,"location":null,"numPassingAsserts":5,"retryReasons":[],"status":"passed","title":"returns overview with waiting entries and null called/serving when queue is empty"},{"ancestorTitles":["staffService.getQueueOverview"],"duration":1,"failureDetails":[],"failureMessages":[],"fullName":"staffService.getQueueOverview returns called and serving entries when present","invocations":1,"location":null,"numPassingAsserts":2,"retryReasons":[],"status":"passed","title":"returns called and serving entries when present"},{"ancestorTitles":["staffService.getQueueOverview"],"duration":3,"failureDetails":[],"failureMessages":[],"fullName":"staffService.getQueueOverview throws 404 when queue not found","invocations":1,"location":null,"numPassingAsserts":1,"retryReasons":[],"status":"passed","title":"throws 404 when queue not found"},{"ancestorTitles":["staffService.callNext"],"duration":3,"failureDetails":[],"failureMessages":[],"fullName":"staffService.callNext calls queueService.callNextTicket and writes audit log","invocations":1,"location":null,"numPassingAsserts":2,"retryReasons":[],"status":"passed","title":"calls queueService.callNextTicket and writes audit log"},{"ancestorTitles":["staffService.callNext"],"duration":1,"failureDetails":[],"failureMessages":[],"fullName":"staffService.callNext propagates errors from callNextTicket","invocations":1,"location":null,"numPassingAsserts":1,"retryReasons":[],"status":"passed","title":"propagates errors from callNextTicket"},{"ancestorTitles":["staffService.serve"],"duration":1,"failureDetails":[],"failureMessages":[],"fullName":"staffService.serve calls serveTicket and writes audit log","invocations":1,"location":null,"numPassingAsserts":2,"retryReasons":[],"status":"passed","title":"calls serveTicket and writes audit log"},{"ancestorTitles":["staffService.complete"],"duration":1,"failureDetails":[],"failureMessages":[],"fullName":"staffService.complete calls completeTicket and writes audit log","invocations":1,"location":null,"numPassingAsserts":2,"retryReasons":[],"status":"passed","title":"calls completeTicket and writes audit log"},{"ancestorTitles":["staffService.markNoShow"],"duration":0,"failureDetails":[],"failureMessages":[],"fullName":"staffService.markNoShow calls noShowTicket and writes audit log","invocations":1,"location":null,"numPassingAsserts":2,"retryReasons":[],"status":"passed","title":"calls noShowTicket and writes audit log"},{"ancestorTitles":["staffService.markNoShow"],"duration":0,"failureDetails":[],"failureMessages":[],"fullName":"staffService.markNoShow propagates 409 when entry is not in called status","invocations":1,"location":null,"numPassingAsserts":1,"retryReasons":[],"status":"passed","title":"propagates 409 when entry is not in called status"},{"ancestorTitles":["staffService.cancelEntry"],"duration":2,"failureDetails":[],"failureMessages":[],"fullName":"staffService.cancelEntry cancels a waiting entry","invocations":1,"location":null,"numPassingAsserts":2,"retryReasons":[],"status":"passed","title":"cancels a waiting entry"},{"ancestorTitles":["staffService.cancelEntry"],"duration":1,"failureDetails":[],"failureMessages":[],"fullName":"staffService.cancelEntry cancels a called entry","invocations":1,"location":null,"numPassingAsserts":1,"retryReasons":[],"status":"passed","title":"cancels a called entry"},{"ancestorTitles":["staffService.cancelEntry"],"duration":1,"failureDetails":[],"failureMessages":[],"fullName":"staffService.cancelEntry throws 404 when entry not found","invocations":1,"location":null,"numPassingAsserts":1,"retryReasons":[],"status":"passed","title":"throws 404 when entry not found"},{"ancestorTitles":["staffService.cancelEntry"],"duration":1,"failureDetails":[],"failureMessages":[],"fullName":"staffService.cancelEntry throws 409 when entry is already in a terminal status","invocations":1,"location":null,"numPassingAsserts":1,"retryReasons":[],"status":"passed","title":"throws 409 when entry is already in a terminal status"}],"endTime":1780765550953,"message":"","name":"D:\\_CODE_BANK\\Project_\\_Best Project_\\LINE_Smart_Queue _Assistant\\apps\\api\\src\\modules\\staff\\__tests__\\staff.service.test.ts","startTime":1780765539867,"status":"passed","summary":""},{"assertionResults":[{"ancestorTitles":["notifyTicketCalled"],"duration":33,"failureDetails":[],"failureMessages":[],"fullName":"notifyTicketCalled sends a push message to the ticket holder","invocations":1,"location":null,"numPassingAsserts":4,"retryReasons":[],"status":"passed","title":"sends a push message to the ticket holder"},{"ancestorTitles":["notifyTicketCalled"],"duration":1,"failureDetails":[],"failureMessages":[],"fullName":"notifyTicketCalled does nothing when line_user_id is null","invocations":1,"location":null,"numPassingAsserts":1,"retryReasons":[],"status":"passed","title":"does nothing when line_user_id is null"},{"ancestorTitles":["notifyTicketCalled"],"duration":9,"failureDetails":[],"failureMessages":[],"fullName":"notifyTicketCalled only sends once even when called twice (anti-duplicate)","invocations":1,"location":null,"numPassingAsserts":1,"retryReasons":[],"status":"passed","title":"only sends once even when called twice (anti-duplicate)"},{"ancestorTitles":["notifyTicketCalled"],"duration":1,"failureDetails":[],"failureMessages":[],"fullName":"notifyTicketCalled marks the event as sent in the notification log","invocations":1,"location":null,"numPassingAsserts":1,"retryReasons":[],"status":"passed","title":"marks the event as sent in the notification log"},{"ancestorTitles":["notifyEtaWarning"],"duration":4,"failureDetails":[],"failureMessages":[],"fullName":"notifyEtaWarning sends a warning when aheadCount is within threshold","invocations":1,"location":null,"numPassingAsserts":3,"retryReasons":[],"status":"passed","title":"sends a warning when aheadCount is within threshold"},{"ancestorTitles":["notifyEtaWarning"],"duration":1,"failureDetails":[],"failureMessages":[],"fullName":"notifyEtaWarning sends a warning at the exact threshold boundary","invocations":1,"location":null,"numPassingAsserts":1,"retryReasons":[],"status":"passed","title":"sends a warning at the exact threshold boundary"},{"ancestorTitles":["notifyEtaWarning"],"duration":1,"failureDetails":[],"failureMessages":[],"fullName":"notifyEtaWarning does NOT send when aheadCount is above threshold","invocations":1,"location":null,"numPassingAsserts":1,"retryReasons":[],"status":"passed","title":"does NOT send when aheadCount is above threshold"},{"ancestorTitles":["notifyEtaWarning"],"duration":1,"failureDetails":[],"failureMessages":[],"fullName":"notifyEtaWarning only sends once even when triggered multiple times (anti-duplicate)","invocations":1,"location":null,"numPassingAsserts":1,"retryReasons":[],"status":"passed","title":"only sends once even when triggered multiple times (anti-duplicate)"},{"ancestorTitles":["notifyEtaWarning"],"duration":0,"failureDetails":[],"failureMessages":[],"fullName":"notifyEtaWarning does nothing when line_user_id is null","invocations":1,"location":null,"numPassingAsserts":1,"retryReasons":[],"status":"passed","title":"does nothing when line_user_id is null"},{"ancestorTitles":["notifyTicketCancelled"],"duration":1,"failureDetails":[],"failureMessages":[],"fullName":"notifyTicketCancelled sends a cancellation message to the ticket holder","invocations":1,"location":null,"numPassingAsserts":3,"retryReasons":[],"status":"passed","title":"sends a cancellation message to the ticket holder"},{"ancestorTitles":["notifyTicketCancelled"],"duration":1,"failureDetails":[],"failureMessages":[],"fullName":"notifyTicketCancelled only sends once even when called twice (anti-duplicate)","invocations":1,"location":null,"numPassingAsserts":1,"retryReasons":[],"status":"passed","title":"only sends once even when called twice (anti-duplicate)"},{"ancestorTitles":["notifyTicketCancelled"],"duration":0,"failureDetails":[],"failureMessages":[],"fullName":"notifyTicketCancelled clears all notification log entries for the entry (terminal state cleanup)","invocations":1,"location":null,"numPassingAsserts":2,"retryReasons":[],"status":"passed","title":"clears all notification log entries for the entry (terminal state cleanup)"},{"ancestorTitles":["notifyTicketCancelled"],"duration":1,"failureDetails":[],"failureMessages":[],"fullName":"notifyTicketCancelled does nothing when line_user_id is null","invocations":1,"location":null,"numPassingAsserts":1,"retryReasons":[],"status":"passed","title":"does nothing when line_user_id is null"}],"endTime":1780765551071,"message":"","name":"D:\\_CODE_BANK\\Project_\\_Best Project_\\LINE_Smart_Queue _Assistant\\apps\\api\\src\\modules\\notifications\\__tests__\\queue-notification.test.ts","startTime":1780765540244,"status":"passed","summary":""},{"assertionResults":[{"ancestorTitles":["GET /health"],"duration":51,"failureDetails":[],"failureMessages":[],"fullName":"GET /health returns 200 with status ok","invocations":1,"location":null,"numPassingAsserts":4,"retryReasons":[],"status":"passed","title":"returns 200 with status ok"},{"ancestorTitles":["GET /health"],"duration":7,"failureDetails":[],"failureMessages":[],"fullName":"GET /health sets X-Request-Id response header","invocations":1,"location":null,"numPassingAsserts":1,"retryReasons":[],"status":"passed","title":"sets X-Request-Id response header"},{"ancestorTitles":["GET /health"],"duration":10,"failureDetails":[],"failureMessages":[],"fullName":"GET /health echoes a provided X-Request-Id","invocations":1,"location":null,"numPassingAsserts":1,"retryReasons":[],"status":"passed","title":"echoes a provided X-Request-Id"},{"ancestorTitles":["GET /ready"],"duration":10,"failureDetails":[],"failureMessages":[],"fullName":"GET /ready returns 200 with status ready when DB is up","invocations":1,"location":null,"numPassingAsserts":2,"retryReasons":[],"status":"passed","title":"returns 200 with status ready when DB is up"},{"ancestorTitles":["GET /ready"],"duration":8,"failureDetails":[],"failureMessages":[],"fullName":"GET /ready returns 503 when DB pool throws","invocations":1,"location":null,"numPassingAsserts":1,"retryReasons":[],"status":"passed","title":"returns 503 when DB pool throws"},{"ancestorTitles":["404 handler"],"duration":20,"failureDetails":[],"failureMessages":[],"fullName":"404 handler returns 404 JSON for unknown routes","invocations":1,"location":null,"numPassingAsserts":3,"retryReasons":[],"status":"passed","title":"returns 404 JSON for unknown routes"}],"endTime":1780765552207,"message":"","name":"D:\\_CODE_BANK\\Project_\\_Best Project_\\LINE_Smart_Queue _Assistant\\apps\\api\\src\\__tests__\\health.test.ts","startTime":1780765539776,"status":"passed","summary":""},{"assertionResults":[],"coverage":{},"endTime":1780765553098,"message":"  \u001b[1m● \u001b[22mTest suite failed to run\n\n    \u001b[96msrc/modules/auth/__tests__/auth.service.test.ts\u001b[0m:\u001b[93m54\u001b[0m:\u001b[93m46\u001b[0m - \u001b[91merror\u001b[0m\u001b[90m TS2345: \u001b[0mArgument of type '{ id: string; display_name: string; email: null; role: UserRole; is_active: boolean; created_at: Date; updated_at: Date; }' is not assignable to parameter of type 'UserRow | Promise<UserRow | null> | null'.\n      Property 'password_hash' is missing in type '{ id: string; display_name: string; email: null; role: UserRole; is_active: boolean; created_at: Date; updated_at: Date; }' but required in type 'UserRow'.\n\n    \u001b[7m54\u001b[0m       mockFindByLineUserId.mockResolvedValue(existingUserRow);\n    \u001b[7m  \u001b[0m \u001b[91m                                             ~~~~~~~~~~~~~~~\u001b[0m\n\n      \u001b[96msrc/db/repositories/users.repository.ts\u001b[0m:\u001b[93m11\u001b[0m:\u001b[93m3\u001b[0m\n        \u001b[7m11\u001b[0m   password_hash: string | null;\n        \u001b[7m  \u001b[0m \u001b[96m  ~~~~~~~~~~~~~\u001b[0m\n        'password_hash' is declared here.\n    \u001b[96msrc/modules/auth/__tests__/auth.service.test.ts\u001b[0m:\u001b[93m94\u001b[0m:\u001b[93m38\u001b[0m - \u001b[91merror\u001b[0m\u001b[90m TS2345: \u001b[0mArgument of type '{ id: string; display_name: string; email: null; role: UserRole; is_active: boolean; created_at: Date; updated_at: Date; }' is not assignable to parameter of type 'UserRow | Promise<UserRow>'.\n      Property 'password_hash' is missing in type '{ id: string; display_name: string; email: null; role: UserRole; is_active: boolean; created_at: Date; updated_at: Date; }' but required in type 'UserRow'.\n\n    \u001b[7m94\u001b[0m         mockCreate.mockResolvedValue(existingUserRow);\n    \u001b[7m  \u001b[0m \u001b[91m                                     ~~~~~~~~~~~~~~~\u001b[0m\n\n      \u001b[96msrc/db/repositories/users.repository.ts\u001b[0m:\u001b[93m11\u001b[0m:\u001b[93m3\u001b[0m\n        \u001b[7m11\u001b[0m   password_hash: string | null;\n        \u001b[7m  \u001b[0m \u001b[96m  ~~~~~~~~~~~~~\u001b[0m\n        'password_hash' is declared here.\n","name":"D:\\_CODE_BANK\\Project_\\_Best Project_\\LINE_Smart_Queue _Assistant\\apps\\api\\src\\modules\\auth\\__tests__\\auth.service.test.ts","startTime":1780765553098,"status":"failed","summary":""},{"assertionResults":[{"ancestorTitles":["POST /api/v1/queue/join"],"duration":76,"failureDetails":[],"failureMessages":[],"fullName":"POST /api/v1/queue/join returns 422 when queueId is missing","invocations":1,"location":null,"numPassingAsserts":4,"retryReasons":[],"status":"passed","title":"returns 422 when queueId is missing"},{"ancestorTitles":["POST /api/v1/queue/join"],"duration":13,"failureDetails":[],"failureMessages":[],"fullName":"POST /api/v1/queue/join returns 422 when queueId is not a UUID","invocations":1,"location":null,"numPassingAsserts":5,"retryReasons":[],"status":"passed","title":"returns 422 when queueId is not a UUID"},{"ancestorTitles":["POST /api/v1/queue/join"],"duration":12,"failureDetails":[],"failureMessages":[],"fullName":"POST /api/v1/queue/join returns 404 when the queue is not found (mocked DB returns no rows)","invocations":1,"location":null,"numPassingAsserts":3,"retryReasons":[],"status":"passed","title":"returns 404 when the queue is not found (mocked DB returns no rows)"},{"ancestorTitles":["GET /api/v1/queue/current"],"duration":9,"failureDetails":[],"failureMessages":[],"fullName":"GET /api/v1/queue/current returns 422 when queueId query param is missing","invocations":1,"location":null,"numPassingAsserts":4,"retryReasons":[],"status":"passed","title":"returns 422 when queueId query param is missing"},{"ancestorTitles":["GET /api/v1/queue/current"],"duration":10,"failureDetails":[],"failureMessages":[],"fullName":"GET /api/v1/queue/current returns 422 when queueId is not a UUID","invocations":1,"location":null,"numPassingAsserts":4,"retryReasons":[],"status":"passed","title":"returns 422 when queueId is not a UUID"},{"ancestorTitles":["GET /api/v1/queue/current"],"duration":6,"failureDetails":[],"failureMessages":[],"fullName":"GET /api/v1/queue/current returns 404 when the queue is not found (mocked DB returns no rows)","invocations":1,"location":null,"numPassingAsserts":3,"retryReasons":[],"status":"passed","title":"returns 404 when the queue is not found (mocked DB returns no rows)"},{"ancestorTitles":["GET /api/v1/queue/me"],"duration":7,"failureDetails":[],"failureMessages":[],"fullName":"GET /api/v1/queue/me returns 200 with empty array when caller has no active tickets","invocations":1,"location":null,"numPassingAsserts":2,"retryReasons":[],"status":"passed","title":"returns 200 with empty array when caller has no active tickets"},{"ancestorTitles":["POST /api/v1/queue/:entryId/cancel"],"duration":6,"failureDetails":[],"failureMessages":[],"fullName":"POST /api/v1/queue/:entryId/cancel returns 422 when entryId is not a UUID","invocations":1,"location":null,"numPassingAsserts":4,"retryReasons":[],"status":"passed","title":"returns 422 when entryId is not a UUID"},{"ancestorTitles":["POST /api/v1/queue/:entryId/cancel"],"duration":6,"failureDetails":[],"failureMessages":[],"fullName":"POST /api/v1/queue/:entryId/cancel returns 404 when the ticket is not found (mocked DB returns no rows)","invocations":1,"location":null,"numPassingAsserts":3,"retryReasons":[],"status":"passed","title":"returns 404 when the ticket is not found (mocked DB returns no rows)"},{"ancestorTitles":["POST /api/v1/queue/:entryId/skip"],"duration":7,"failureDetails":[],"failureMessages":[],"fullName":"POST /api/v1/queue/:entryId/skip returns 422 when entryId is not a UUID","invocations":1,"location":null,"numPassingAsserts":4,"retryReasons":[],"status":"passed","title":"returns 422 when entryId is not a UUID"},{"ancestorTitles":["POST /api/v1/queue/:entryId/skip"],"duration":6,"failureDetails":[],"failureMessages":[],"fullName":"POST /api/v1/queue/:entryId/skip returns 404 when the ticket is not found (mocked DB returns no rows)","invocations":1,"location":null,"numPassingAsserts":3,"retryReasons":[],"status":"passed","title":"returns 404 when the ticket is not found (mocked DB returns no rows)"},{"ancestorTitles":["GET /api/v1/queue/:queueId/status"],"duration":7,"failureDetails":[],"failureMessages":[],"fullName":"GET /api/v1/queue/:queueId/status returns 422 when queueId param is not a UUID","invocations":1,"location":null,"numPassingAsserts":4,"retryReasons":[],"status":"passed","title":"returns 422 when queueId param is not a UUID"},{"ancestorTitles":["GET /api/v1/queue/:queueId/status"],"duration":5,"failureDetails":[],"failureMessages":[],"fullName":"GET /api/v1/queue/:queueId/status returns 404 when the queue is not found (mocked DB returns no rows)","invocations":1,"location":null,"numPassingAsserts":3,"retryReasons":[],"status":"passed","title":"returns 404 when the queue is not found (mocked DB returns no rows)"},{"ancestorTitles":["route ordering — static paths win over parameterised"],"duration":4,"failureDetails":[],"failureMessages":[],"fullName":"route ordering — static paths win over parameterised GET /current is NOT matched by /:queueId/status","invocations":1,"location":null,"numPassingAsserts":1,"retryReasons":[],"status":"passed","title":"GET /current is NOT matched by /:queueId/status"}],"endTime":1780765552558,"message":"","name":"D:\\_CODE_BANK\\Project_\\_Best Project_\\LINE_Smart_Queue _Assistant\\apps\\api\\src\\modules\\queue\\__tests__\\queue.routes.test.ts","startTime":1780765539952,"status":"passed","summary":""},{"assertionResults":[{"ancestorTitles":["POST /api/v1/line/webhook — signature validation"],"duration":87,"failureDetails":[],"failureMessages":[],"fullName":"POST /api/v1/line/webhook — signature validation returns 401 when X-Line-Signature header is missing","invocations":1,"location":null,"numPassingAsserts":1,"retryReasons":[],"status":"passed","title":"returns 401 when X-Line-Signature header is missing"},{"ancestorTitles":["POST /api/v1/line/webhook — signature validation"],"duration":14,"failureDetails":[],"failureMessages":[],"fullName":"POST /api/v1/line/webhook — signature validation returns 401 for a tampered body (signature mismatch)","invocations":1,"location":null,"numPassingAsserts":1,"retryReasons":[],"status":"passed","title":"returns 401 for a tampered body (signature mismatch)"},{"ancestorTitles":["POST /api/v1/line/webhook — signature validation"],"duration":10,"failureDetails":[],"failureMessages":[],"fullName":"POST /api/v1/line/webhook — signature validation returns 200 for a valid signature","invocations":1,"location":null,"numPassingAsserts":1,"retryReasons":[],"status":"passed","title":"returns 200 for a valid signature"},{"ancestorTitles":["POST /api/v1/line/webhook — follow event"],"duration":64,"failureDetails":[],"failureMessages":[],"fullName":"POST /api/v1/line/webhook — follow event replies with a welcome message on follow","invocations":1,"location":null,"numPassingAsserts":5,"retryReasons":[],"status":"passed","title":"replies with a welcome message on follow"},{"ancestorTitles":["POST /api/v1/line/webhook — message events"],"duration":60,"failureDetails":[],"failureMessages":[],"fullName":"POST /api/v1/line/webhook — message events replies to HELP command","invocations":1,"location":null,"numPassingAsserts":2,"retryReasons":[],"status":"passed","title":"replies to HELP command"},{"ancestorTitles":["POST /api/v1/line/webhook — message events"],"duration":61,"failureDetails":[],"failureMessages":[],"fullName":"POST /api/v1/line/webhook — message events replies to STATUS command","invocations":1,"location":null,"numPassingAsserts":2,"retryReasons":[],"status":"passed","title":"replies to STATUS command"},{"ancestorTitles":["POST /api/v1/line/webhook — message events"],"duration":63,"failureDetails":[],"failureMessages":[],"fullName":"POST /api/v1/line/webhook — message events replies with a nudge for unrecognised messages","invocations":1,"location":null,"numPassingAsserts":2,"retryReasons":[],"status":"passed","title":"replies with a nudge for unrecognised messages"}],"endTime":1780765552583,"message":"","name":"D:\\_CODE_BANK\\Project_\\_Best Project_\\LINE_Smart_Queue _Assistant\\apps\\api\\src\\modules\\line\\__tests__\\line.webhook.test.ts","startTime":1780765539779,"status":"passed","summary":""},{"assertionResults":[{"ancestorTitles":["POST /api/v1/queue/join","happy path"],"duration":55,"failureDetails":[],"failureMessages":[],"fullName":"POST /api/v1/queue/join happy path returns 201 with ticket data when a new ticket is created","invocations":1,"location":null,"numPassingAsserts":7,"retryReasons":[],"status":"passed","title":"returns 201 with ticket data when a new ticket is created"},{"ancestorTitles":["POST /api/v1/queue/join","happy path"],"duration":9,"failureDetails":[],"failureMessages":[],"fullName":"POST /api/v1/queue/join happy path returns 200 (not 201) when the caller already has an active ticket","invocations":1,"location":null,"numPassingAsserts":5,"retryReasons":[],"status":"passed","title":"returns 200 (not 201) when the caller already has an active ticket"},{"ancestorTitles":["POST /api/v1/queue/join","happy path"],"duration":5,"failureDetails":[],"failureMessages":[],"fullName":"POST /api/v1/queue/join happy path accepts an anonymous request with lineUserId in body","invocations":1,"location":null,"numPassingAsserts":4,"retryReasons":[],"status":"passed","title":"accepts an anonymous request with lineUserId in body"},{"ancestorTitles":["POST /api/v1/queue/join","happy path"],"duration":7,"failureDetails":[],"failureMessages":[],"fullName":"POST /api/v1/queue/join happy path includes estimatedWaitSeconds derived from ETA service","invocations":1,"location":null,"numPassingAsserts":2,"retryReasons":[],"status":"passed","title":"includes estimatedWaitSeconds derived from ETA service"},{"ancestorTitles":["POST /api/v1/queue/join","business errors"],"duration":5,"failureDetails":[],"failureMessages":[],"fullName":"POST /api/v1/queue/join business errors returns 409 when the queue is not open","invocations":1,"location":null,"numPassingAsserts":3,"retryReasons":[],"status":"passed","title":"returns 409 when the queue is not open"},{"ancestorTitles":["POST /api/v1/queue/join","business errors"],"duration":7,"failureDetails":[],"failureMessages":[],"fullName":"POST /api/v1/queue/join business errors returns 409 when queue is at full capacity","invocations":1,"location":null,"numPassingAsserts":3,"retryReasons":[],"status":"passed","title":"returns 409 when queue is at full capacity"},{"ancestorTitles":["POST /api/v1/queue/join","business errors"],"duration":5,"failureDetails":[],"failureMessages":[],"fullName":"POST /api/v1/queue/join business errors returns 404 when the queue does not exist","invocations":1,"location":null,"numPassingAsserts":3,"retryReasons":[],"status":"passed","title":"returns 404 when the queue does not exist"},{"ancestorTitles":["POST /api/v1/queue/join","validation"],"duration":7,"failureDetails":[],"failureMessages":[],"fullName":"POST /api/v1/queue/join validation returns 422 when queueId is missing","invocations":1,"location":null,"numPassingAsserts":2,"retryReasons":[],"status":"passed","title":"returns 422 when queueId is missing"},{"ancestorTitles":["POST /api/v1/queue/join","validation"],"duration":6,"failureDetails":[],"failureMessages":[],"fullName":"POST /api/v1/queue/join validation returns 422 when queueId is not a valid UUID","invocations":1,"location":null,"numPassingAsserts":2,"retryReasons":[],"status":"passed","title":"returns 422 when queueId is not a valid UUID"},{"ancestorTitles":["POST /api/v1/queue/join","validation"],"duration":6,"failureDetails":[],"failureMessages":[],"fullName":"POST /api/v1/queue/join validation returns 422 when notes exceeds 500 characters","invocations":1,"location":null,"numPassingAsserts":2,"retryReasons":[],"status":"passed","title":"returns 422 when notes exceeds 500 characters"},{"ancestorTitles":["GET /api/v1/queue/me","happy path"],"duration":6,"failureDetails":[],"failureMessages":[],"fullName":"GET /api/v1/queue/me happy path returns 200 with tickets array for an authenticated user","invocations":1,"location":null,"numPassingAsserts":7,"retryReasons":[],"status":"passed","title":"returns 200 with tickets array for an authenticated user"},{"ancestorTitles":["GET /api/v1/queue/me","happy path"],"duration":5,"failureDetails":[],"failureMessages":[],"fullName":"GET /api/v1/queue/me happy path returns 200 with empty array when the caller has no active tickets","invocations":1,"location":null,"numPassingAsserts":2,"retryReasons":[],"status":"passed","title":"returns 200 with empty array when the caller has no active tickets"},{"ancestorTitles":["GET /api/v1/queue/me","happy path"],"duration":4,"failureDetails":[],"failureMessages":[],"fullName":"GET /api/v1/queue/me happy path returns 200 for anonymous callers (empty array)","invocations":1,"location":null,"numPassingAsserts":2,"retryReasons":[],"status":"passed","title":"returns 200 for anonymous callers (empty array)"},{"ancestorTitles":["GET /api/v1/queue/me","happy path"],"duration":6,"failureDetails":[],"failureMessages":[],"fullName":"GET /api/v1/queue/me happy path returns estimatedWaitSeconds = 0 when queue not found (defensive fallback)","invocations":1,"location":null,"numPassingAsserts":2,"retryReasons":[],"status":"passed","title":"returns estimatedWaitSeconds = 0 when queue not found (defensive fallback)"},{"ancestorTitles":["GET /api/v1/queue/:queueId/status","happy path"],"duration":6,"failureDetails":[],"failureMessages":[],"fullName":"GET /api/v1/queue/:queueId/status happy path returns 200 with queue info, waitingCount, and estimatedWaitSeconds","invocations":1,"location":null,"numPassingAsserts":7,"retryReasons":[],"status":"passed","title":"returns 200 with queue info, waitingCount, and estimatedWaitSeconds"},{"ancestorTitles":["GET /api/v1/queue/:queueId/status","happy path"],"duration":5,"failureDetails":[],"failureMessages":[],"fullName":"GET /api/v1/queue/:queueId/status happy path is publicly accessible — no auth required","invocations":1,"location":null,"numPassingAsserts":1,"retryReasons":[],"status":"passed","title":"is publicly accessible — no auth required"},{"ancestorTitles":["GET /api/v1/queue/:queueId/status","happy path"],"duration":3,"failureDetails":[],"failureMessages":[],"fullName":"GET /api/v1/queue/:queueId/status happy path returns estimatedWaitSeconds = 0 when waitingCount is 0","invocations":1,"location":null,"numPassingAsserts":2,"retryReasons":[],"status":"passed","title":"returns estimatedWaitSeconds = 0 when waitingCount is 0"},{"ancestorTitles":["GET /api/v1/queue/:queueId/status","happy path"],"duration":5,"failureDetails":[],"failureMessages":[],"fullName":"GET /api/v1/queue/:queueId/status happy path uses fallback ETA (120 s/ticket) when avg_service_seconds is 0","invocations":1,"location":null,"numPassingAsserts":1,"retryReasons":[],"status":"passed","title":"uses fallback ETA (120 s/ticket) when avg_service_seconds is 0"},{"ancestorTitles":["GET /api/v1/queue/:queueId/status","errors"],"duration":6,"failureDetails":[],"failureMessages":[],"fullName":"GET /api/v1/queue/:queueId/status errors returns 404 when the queue does not exist","invocations":1,"location":null,"numPassingAsserts":2,"retryReasons":[],"status":"passed","title":"returns 404 when the queue does not exist"},{"ancestorTitles":["GET /api/v1/queue/:queueId/status","errors"],"duration":5,"failureDetails":[],"failureMessages":[],"fullName":"GET /api/v1/queue/:queueId/status errors returns 422 when queueId param is not a valid UUID","invocations":1,"location":null,"numPassingAsserts":2,"retryReasons":[],"status":"passed","title":"returns 422 when queueId param is not a valid UUID"},{"ancestorTitles":["GET /api/v1/queue/current","happy path"],"duration":7,"failureDetails":[],"failureMessages":[],"fullName":"GET /api/v1/queue/current happy path returns 200 with queue status by query param","invocations":1,"location":null,"numPassingAsserts":5,"retryReasons":[],"status":"passed","title":"returns 200 with queue status by query param"},{"ancestorTitles":["GET /api/v1/queue/current","happy path"],"duration":4,"failureDetails":[],"failureMessages":[],"fullName":"GET /api/v1/queue/current happy path is publicly accessible — no auth required","invocations":1,"location":null,"numPassingAsserts":1,"retryReasons":[],"status":"passed","title":"is publicly accessible — no auth required"},{"ancestorTitles":["GET /api/v1/queue/current","validation"],"duration":5,"failureDetails":[],"failureMessages":[],"fullName":"GET /api/v1/queue/current validation returns 422 when queueId query param is missing","invocations":1,"location":null,"numPassingAsserts":2,"retryReasons":[],"status":"passed","title":"returns 422 when queueId query param is missing"},{"ancestorTitles":["GET /api/v1/queue/current","validation"],"duration":5,"failureDetails":[],"failureMessages":[],"fullName":"GET /api/v1/queue/current validation returns 422 when queueId is not a valid UUID","invocations":1,"location":null,"numPassingAsserts":2,"retryReasons":[],"status":"passed","title":"returns 422 when queueId is not a valid UUID"},{"ancestorTitles":["GET /api/v1/queue/current","errors"],"duration":4,"failureDetails":[],"failureMessages":[],"fullName":"GET /api/v1/queue/current errors returns 404 when the queue does not exist","invocations":1,"location":null,"numPassingAsserts":2,"retryReasons":[],"status":"passed","title":"returns 404 when the queue does not exist"},{"ancestorTitles":["response contract"],"duration":5,"failureDetails":[],"failureMessages":[],"fullName":"response contract success responses always have { success: true, data: ... }","invocations":1,"location":null,"numPassingAsserts":3,"retryReasons":[],"status":"passed","title":"success responses always have { success: true, data: ... }"},{"ancestorTitles":["response contract"],"duration":5,"failureDetails":[],"failureMessages":[],"fullName":"response contract error responses always have { success: false, error: { code, message } }","invocations":1,"location":null,"numPassingAsserts":5,"retryReasons":[],"status":"passed","title":"error responses always have { success: false, error: { code, message } }"},{"ancestorTitles":["response contract"],"duration":6,"failureDetails":[],"failureMessages":[],"fullName":"response contract invalid token returns 401 with UNAUTHORIZED code","invocations":1,"location":null,"numPassingAsserts":2,"retryReasons":[],"status":"passed","title":"invalid token returns 401 with UNAUTHORIZED code"},{"ancestorTitles":["response contract"],"duration":3,"failureDetails":[],"failureMessages":[],"fullName":"response contract sets Content-Type application/json on success","invocations":1,"location":null,"numPassingAsserts":1,"retryReasons":[],"status":"passed","title":"sets Content-Type application/json on success"}],"endTime":1780765552902,"message":"","name":"D:\\_CODE_BANK\\Project_\\_Best Project_\\LINE_Smart_Queue _Assistant\\apps\\api\\src\\modules\\queue\\__tests__\\queue.integration.test.ts","startTime":1780765540152,"status":"passed","summary":""}],"wasInterrupted":false}
